2022-12-17 12:18:11.406697: I tensorflow/core/platform/cpu_feature_guard.cc:193] This TensorFlow binary is optimized with oneAPI Deep Neural Network Library (oneDNN) to use the following CPU instructions in performance-critical operations:  AVX2 AVX512F FMA
To enable them in other operations, rebuild TensorFlow with the appropriate compiler flags.
2022-12-17 12:18:11.541416: W tensorflow/stream_executor/platform/default/dso_loader.cc:64] Could not load dynamic library 'libcudart.so.11.0'; dlerror: libcudart.so.11.0: cannot open shared object file: No such file or directory
2022-12-17 12:18:11.541447: I tensorflow/stream_executor/cuda/cudart_stub.cc:29] Ignore above cudart dlerror if you do not have a GPU set up on your machine.
2022-12-17 12:18:11.572207: E tensorflow/stream_executor/cuda/cuda_blas.cc:2981] Unable to register cuBLAS factory: Attempting to register factory for plugin cuBLAS when one has already been registered
2022-12-17 12:18:12.228075: W tensorflow/stream_executor/platform/default/dso_loader.cc:64] Could not load dynamic library 'libnvinfer.so.7'; dlerror: libnvinfer.so.7: cannot open shared object file: No such file or directory
2022-12-17 12:18:12.228152: W tensorflow/stream_executor/platform/default/dso_loader.cc:64] Could not load dynamic library 'libnvinfer_plugin.so.7'; dlerror: libnvinfer_plugin.so.7: cannot open shared object file: No such file or directory
2022-12-17 12:18:12.228160: W tensorflow/compiler/tf2tensorrt/utils/py_utils.cc:38] TF-TRT Warning: Cannot dlopen some TensorRT libraries. If you would like to use Nvidia GPU with TensorRT, please make sure the missing libraries mentioned above are installed properly.
0
1
2
3
4
5
6
7
8
9
10
11
12
13
14
15
16
17
18
19
20
21
22
23
24
25
26
27
28
29
30
31
32
33
34
35
36
37
38
39
40
41
42
43
44
45
46
47
48
49
50
51
52
53
54
55
56
57
58
59
60
61
62
63
64
65
66
67
68
69
70
71
72
73
74
75
76
77
78
79
80
81
82
83
84
85
86
87
88
89
90
91
92
93
94
95
96
97
98
99
CRZtrial11.py:5: MatplotlibDeprecationWarning: MatplotlibDeprecationWarning was deprecated in Matplotlib 3.6 and will be removed two minor releases later. Use matplotlib.MatplotlibDeprecationWarning instead.
  from matplotlib.cbook import MatplotlibDeprecationWarning
i=0:120.53451024946096
[-0.00488609  0.00488609 -0.00488609 -0.00488609]
i=1:100.48131352280261
[ 0.0251131  -0.0251131   0.0251131  -0.03488529]
i=2:100.51490382708738
[ 0.0098949  -0.04033131  0.04033131 -0.01966708]
i=3:100.58856173269874
[ 0.01352894 -0.04396536  0.03669726 -0.01603304]
i=4:100.08835513447512
[-0.02877229 -0.00166412  0.0789985  -0.05833427]
i=5:99.8611813612488
[-0.05062506  0.02018865  0.10085127 -0.08018704]
i=6:102.18503845838558
[-0.04582743  0.01539102  0.09605364 -0.08498467]
i=7:101.82340604035855
[ 0.00794723  0.06916567  0.04227898 -0.03121001]
i=8:95.52777987385862
[-0.01256465  0.08967755  0.0217671  -0.01069814]
i=9:95.77784946277934
[ 0.03026824  0.04684465 -0.02106579  0.03213476]
i=10:96.51267173438818
[ 0.14605839 -0.06894549  0.09472436  0.1479249 ]
i=11:85.16037089952964
[ 0.34912084  0.13411696  0.29778681 -0.05513755]
i=12:72.49652996124557
[0.11027188 0.37296592 0.53663577 0.18371141]
i=13:60.32858936955366
[0.1739528  0.309285   0.47295485 0.12003049]
i=14:61.295617881556
[0.16147912 0.32175868 0.48542853 0.13250417]
i=15:60.92019728541421
[-0.06216651  0.54540431  0.2617829   0.3561498 ]
i=16:67.31312297389063
[0.06696966 0.41626814 0.39091907 0.22701363]
i=17:62.370110849069015
[0.04290084 0.39219931 0.41498789 0.20294481]
i=18:63.62856624891264
[-0.08171493  0.51681508  0.53960366  0.07832904]
i=19:62.52649298389397
[ 0.06920821  0.36589194  0.6905268  -0.0725941 ]
i=20:66.63014352104845
[0.29115059 0.14394956 0.91246918 0.14934828]
i=21:65.20790636177585
[0.28415086 0.15094929 0.91946891 0.15634801]
i=22:57.3934471048256
[-0.00120616  0.43630631  0.63411189 -0.12900902]
i=23:69.16417865440233
[ 0.1581138   0.27698635  0.79343185 -0.28832898]
i=24:79.29481324390434
[ 0.13883571  0.25770826  0.77415376 -0.30760707]
i=25:86.5035537177776
[ 0.15078582  0.26965837  0.76220366 -0.31955717]
i=26:81.18993972157283
[-0.00616539  0.42660957  0.60525245 -0.16260597]
i=27:76.00758549401706
[ 0.01097155  0.44374651  0.62238939 -0.1797429 ]
i=28:79.60601728827655
[ 0.00517982  0.44953824  0.61659766 -0.17395117]
i=29:79.5275882739974
[-0.02214028  0.42221814  0.64391776 -0.20127127]
i=30:75.15556347841225
[0.2910571  0.73541552 0.33072037 0.11192611]
i=31:56.275156056716995
[0.05288195 0.49724038 0.09254522 0.35010126]
i=32:69.70008197196059
[ 0.2656121   0.28451024 -0.12018492  0.5628314 ]
i=33:69.2649532110548
[0.07863513 0.09753327 0.06679205 0.74980837]
i=34:71.8126041886682
[0.05101092 0.06990906 0.09441626 0.77743258]
i=35:76.31647862358636
[-0.12127172  0.24219169 -0.07786637  0.60514994]
i=36:83.65826932467594
[-0.11674925  0.23766922 -0.0733439   0.60967242]
i=37:87.73703035918182
[-0.38628101 -0.03186254 -0.34287566  0.87920418]
i=38:118.13553522534491
[-0.46105413 -0.10663566 -0.41764878  0.9539773 ]
i=39:142.80946028910182
[-0.39854711 -0.04412864 -0.35514176  0.89147028]
i=40:113.11520772169368
[-0.62446531  0.18178956 -0.12922356  1.11738847]
i=41:125.2106330023995
[-0.38690403  0.41935084 -0.36678484  1.35494975]
i=42:122.04161707964668
[-0.94583886  0.97828567  0.19214999  1.91388458]
i=43:159.55179235572325
[0.18357877 2.1077033  1.32156762 0.78446696]
i=44:156.16415205663216
[1.09800529 1.19327678 2.23599414 1.69889348]
i=45:295.3947473016411
[0.82062946 1.47065261 1.95861831 1.42151765]
i=46:250.44130257185057
[0.08933658 2.20194549 2.68991119 0.69022477]
i=47:317.5691765135598
[ 2.02579993  0.26548213  0.75344783 -1.24623858]
