2022-12-14 10:11:27.919738: I tensorflow/core/platform/cpu_feature_guard.cc:193] This TensorFlow binary is optimized with oneAPI Deep Neural Network Library (oneDNN) to use the following CPU instructions in performance-critical operations:  AVX2 AVX512F FMA
To enable them in other operations, rebuild TensorFlow with the appropriate compiler flags.
2022-12-14 10:11:28.075901: W tensorflow/stream_executor/platform/default/dso_loader.cc:64] Could not load dynamic library 'libcudart.so.11.0'; dlerror: libcudart.so.11.0: cannot open shared object file: No such file or directory
2022-12-14 10:11:28.075936: I tensorflow/stream_executor/cuda/cudart_stub.cc:29] Ignore above cudart dlerror if you do not have a GPU set up on your machine.
2022-12-14 10:11:28.106462: E tensorflow/stream_executor/cuda/cuda_blas.cc:2981] Unable to register cuBLAS factory: Attempting to register factory for plugin cuBLAS when one has already been registered
2022-12-14 10:11:28.791894: W tensorflow/stream_executor/platform/default/dso_loader.cc:64] Could not load dynamic library 'libnvinfer.so.7'; dlerror: libnvinfer.so.7: cannot open shared object file: No such file or directory
2022-12-14 10:11:28.791983: W tensorflow/stream_executor/platform/default/dso_loader.cc:64] Could not load dynamic library 'libnvinfer_plugin.so.7'; dlerror: libnvinfer_plugin.so.7: cannot open shared object file: No such file or directory
2022-12-14 10:11:28.791991: W tensorflow/compiler/tf2tensorrt/utils/py_utils.cc:38] TF-TRT Warning: Cannot dlopen some TensorRT libraries. If you would like to use Nvidia GPU with TensorRT, please make sure the missing libraries mentioned above are installed properly.
0
1
2
3
4
5
6
7
8
9
10
11
12
13
14
15
16
17
18
19
20
21
22
23
24
25
26
27
28
29
30
31
32
33
34
35
36
37
38
39
40
41
42
43
44
45
46
47
48
49
50
51
52
53
54
55
56
57
58
59
60
61
62
63
64
65
66
67
68
69
70
71
72
73
74
75
76
77
78
79
80
81
82
83
84
85
86
87
88
89
90
91
92
93
94
95
96
97
98
99
CRZtrial9.py:5: MatplotlibDeprecationWarning: MatplotlibDeprecationWarning was deprecated in Matplotlib 3.6 and will be removed two minor releases later. Use matplotlib.MatplotlibDeprecationWarning instead.
  from matplotlib.cbook import MatplotlibDeprecationWarning
i=0:131.15211394712523
i=1:118.28199462775184
i=2:120.26703681740078
i=3:111.80780548074794
i=4:98.4362001006781
i=5:117.39148847445362
i=6:183.72373489545177
i=7:170.90467473569774
i=8:159.9767699018937
i=9:169.1209148779257
i=10:158.1409737422319
i=11:192.1059260443355
i=12:221.64200092072136
i=13:239.72751687927232
i=14:233.9256289996018
i=15:261.5253627496167
i=16:283.2128698814779
i=17:245.0733575767781
i=18:307.15224802071947
i=19:335.03354151881496
i=20:373.2821547175184
i=21:439.35305320170806
i=22:544.0671154285994
i=23:398.87204372669083
i=24:1139.2983382496068
i=25:4489.319408418382
i=26:161366.57556011062
i=27:177519117.76952434
