2022-12-18 05:33:01.251510: I tensorflow/core/platform/cpu_feature_guard.cc:193] This TensorFlow binary is optimized with oneAPI Deep Neural Network Library (oneDNN) to use the following CPU instructions in performance-critical operations:  AVX2 AVX512F FMA
To enable them in other operations, rebuild TensorFlow with the appropriate compiler flags.
2022-12-18 05:33:01.408633: W tensorflow/stream_executor/platform/default/dso_loader.cc:64] Could not load dynamic library 'libcudart.so.11.0'; dlerror: libcudart.so.11.0: cannot open shared object file: No such file or directory
2022-12-18 05:33:01.408667: I tensorflow/stream_executor/cuda/cudart_stub.cc:29] Ignore above cudart dlerror if you do not have a GPU set up on your machine.
2022-12-18 05:33:01.439774: E tensorflow/stream_executor/cuda/cuda_blas.cc:2981] Unable to register cuBLAS factory: Attempting to register factory for plugin cuBLAS when one has already been registered
2022-12-18 05:33:02.089578: W tensorflow/stream_executor/platform/default/dso_loader.cc:64] Could not load dynamic library 'libnvinfer.so.7'; dlerror: libnvinfer.so.7: cannot open shared object file: No such file or directory
2022-12-18 05:33:02.089659: W tensorflow/stream_executor/platform/default/dso_loader.cc:64] Could not load dynamic library 'libnvinfer_plugin.so.7'; dlerror: libnvinfer_plugin.so.7: cannot open shared object file: No such file or directory
2022-12-18 05:33:02.089668: W tensorflow/compiler/tf2tensorrt/utils/py_utils.cc:38] TF-TRT Warning: Cannot dlopen some TensorRT libraries. If you would like to use Nvidia GPU with TensorRT, please make sure the missing libraries mentioned above are installed properly.
0
1
2
3
4
5
6
7
8
9
10
11
12
13
14
15
16
17
18
19
20
21
22
23
24
25
26
27
28
29
30
31
32
33
34
35
36
37
38
39
40
41
42
43
44
45
46
47
48
49
50
51
52
53
54
55
56
57
58
59
60
61
62
63
64
65
66
67
68
69
70
71
72
73
74
75
76
77
78
79
80
81
82
83
84
85
86
87
88
89
90
91
92
93
94
95
96
97
98
99
CRZtrial11.py:5: MatplotlibDeprecationWarning: MatplotlibDeprecationWarning was deprecated in Matplotlib 3.6 and will be removed two minor releases later. Use matplotlib.MatplotlibDeprecationWarning instead.
  from matplotlib.cbook import MatplotlibDeprecationWarning
i=0:66.94454003418537
[0.07288195 0.47724038 0.11254522 0.33010126]
i=1:64.07405080450971
[0.09288195 0.49724038 0.13254522 0.31010126]
i=2:69.02127221118126
[0.11288195 0.47724038 0.15254522 0.33010126]
i=3:62.306220802006905
[0.09288195 0.45724038 0.13254522 0.31010126]
i=4:64.57450443902889
[0.07288195 0.43724038 0.15254522 0.29010126]
i=5:65.50288498409718
[0.09288195 0.45724038 0.17254522 0.31010126]
i=6:64.81340829135213
[0.07288195 0.43724038 0.19254522 0.29010126]
i=7:62.317772318627505
[0.09288195 0.45724038 0.21254522 0.27010126]
i=8:63.24124023162268
[0.11288195 0.47724038 0.23254522 0.25010126]
i=9:62.813083957808516
[0.13288195 0.49724038 0.25254522 0.23010126]
i=10:60.96455169726058
[0.15288195 0.47724038 0.23254522 0.21010126]
i=11:62.53465867360131
[0.13288195 0.45724038 0.25254522 0.23010126]
i=12:60.972261252909135
[0.11288195 0.43724038 0.27254522 0.25010126]
i=13:62.19135415092456
[0.09288195 0.45724038 0.25254522 0.27010126]
i=14:62.37682469921731
[0.07288195 0.47724038 0.27254522 0.25010126]
i=15:66.18883208810023
[0.05288195 0.49724038 0.29254522 0.27010126]
i=16:64.49454862727018
[0.03288195 0.47724038 0.31254522 0.25010126]
i=17:60.37733793250258
[0.05288195 0.49724038 0.33254522 0.23010126]
i=18:63.14283070181119
[0.07288195 0.51724038 0.35254522 0.25010126]
i=19:61.55354793608921
[0.05288195 0.53724038 0.37254522 0.27010126]
i=20:62.21446626866346
[0.07288195 0.51724038 0.35254522 0.25010126]
i=21:61.82529610069539
[0.09288195 0.53724038 0.33254522 0.27010126]
i=22:62.12125418275753
[0.11288195 0.51724038 0.31254522 0.25010126]
i=23:59.725386007098145
[0.09288195 0.49724038 0.33254522 0.23010126]
i=24:62.76281748585325
[0.11288195 0.51724038 0.35254522 0.25010126]
i=25:59.95377169695506
[0.13288195 0.49724038 0.33254522 0.27010126]
i=26:57.847455475675886
[0.15288195 0.47724038 0.35254522 0.25010126]
i=27:59.22604018049297
[0.13288195 0.49724038 0.37254522 0.23010126]
i=28:60.91570736071126
[0.15288195 0.47724038 0.39254522 0.21010126]
i=29:57.33898442844044
[0.17288195 0.45724038 0.41254522 0.19010126]
i=30:58.82282697797045
[0.19288195 0.47724038 0.39254522 0.17010126]
i=31:59.93772519810257
[0.17288195 0.49724038 0.37254522 0.19010126]
i=32:60.17841894275941
[0.19288195 0.47724038 0.39254522 0.17010126]
i=33:58.32570728498182
[0.21288195 0.49724038 0.37254522 0.19010126]
i=34:59.52833217106967
[0.23288195 0.47724038 0.35254522 0.21010126]
i=35:58.19785972679246
[0.21288195 0.45724038 0.33254522 0.23010126]
i=36:58.87531638232962
[0.23288195 0.43724038 0.31254522 0.21010126]
i=37:59.002159639070506
[0.25288195 0.41724038 0.33254522 0.19010126]
i=38:60.43489558750273
[0.27288195 0.39724038 0.31254522 0.21010126]
i=39:59.03676310758497
[0.25288195 0.37724038 0.29254522 0.19010126]
i=40:59.084630047525046
[0.23288195 0.35724038 0.31254522 0.17010126]
i=41:60.370173993498724
[0.21288195 0.33724038 0.33254522 0.15010126]
i=42:61.70134722534018
[0.23288195 0.31724038 0.35254522 0.13010126]
i=43:61.04902693897191
[0.25288195 0.29724038 0.37254522 0.15010126]
i=44:61.21013975862269
[0.27288195 0.31724038 0.39254522 0.13010126]
i=45:61.70341015999128
[0.25288195 0.33724038 0.37254522 0.15010126]
i=46:60.42555716884241
[0.23288195 0.35724038 0.39254522 0.13010126]
i=47:60.812390801118134
[0.21288195 0.33724038 0.37254522 0.11010126]
i=48:60.767441419880754
[0.19288195 0.31724038 0.35254522 0.09010126]
i=49:65.14523818139945
[0.21288195 0.29724038 0.33254522 0.07010126]
i=50:65.43319253263759
[0.19288195 0.31724038 0.35254522 0.05010126]
i=51:66.66871134684791
[0.17288195 0.33724038 0.37254522 0.07010126]
i=52:65.8260935834869
[0.15288195 0.35724038 0.35254522 0.09010126]
i=53:64.9379120609634
[0.13288195 0.37724038 0.37254522 0.11010126]
i=54:64.3404258815011
[0.11288195 0.35724038 0.39254522 0.09010126]
i=55:67.73304166652525
[0.13288195 0.37724038 0.41254522 0.07010126]
i=56:61.41774925273726
[0.15288195 0.39724038 0.43254522 0.09010126]
i=57:62.4126840692017
[0.17288195 0.41724038 0.41254522 0.07010126]
i=58:61.92720509850293
[0.15288195 0.43724038 0.39254522 0.09010126]
i=59:61.12882938406738
[0.17288195 0.41724038 0.41254522 0.07010126]
i=60:65.42976909032019
[0.15288195 0.39724038 0.39254522 0.09010126]
i=61:63.154672029236316
[0.17288195 0.41724038 0.37254522 0.11010126]
i=62:61.65984493065144
[0.15288195 0.43724038 0.39254522 0.13010126]
i=63:64.67832498775861
[0.13288195 0.41724038 0.37254522 0.11010126]
i=64:65.46784527667178
[0.15288195 0.43724038 0.39254522 0.09010126]
i=65:63.99780792918112
[0.17288195 0.41724038 0.41254522 0.07010126]
i=66:63.912936407394454
[0.15288195 0.39724038 0.43254522 0.05010126]
i=67:61.884169345735636
[0.13288195 0.37724038 0.45254522 0.03010126]
i=68:63.90316313008192
[0.11288195 0.35724038 0.47254522 0.01010126]
i=69:63.012352305685624
[ 0.13288195  0.37724038  0.45254522 -0.00989874]
i=70:64.56512699907633
[0.15288195 0.35724038 0.43254522 0.01010126]
i=71:67.39898111113357
[ 0.17288195  0.37724038  0.41254522 -0.00989874]
i=72:67.25963565208637
[0.15288195 0.39724038 0.43254522 0.01010126]
i=73:67.27062316472586
[0.17288195 0.37724038 0.45254522 0.03010126]
i=74:67.16945959735403
[0.19288195 0.39724038 0.47254522 0.05010126]
i=75:64.25327322441207
[0.17288195 0.37724038 0.45254522 0.03010126]
i=76:62.65561208144315
[0.19288195 0.35724038 0.47254522 0.05010126]
i=77:65.51806571180092
[0.21288195 0.37724038 0.45254522 0.07010126]
i=78:62.46799215095153
[0.19288195 0.35724038 0.43254522 0.09010126]
i=79:62.481370165020955
[0.21288195 0.33724038 0.45254522 0.11010126]
i=80:61.730566765133396
[0.23288195 0.31724038 0.47254522 0.09010126]
i=81:64.01681550151469
[0.21288195 0.33724038 0.45254522 0.11010126]
i=82:62.26787005205494
[0.23288195 0.31724038 0.47254522 0.09010126]
i=83:60.39252405785676
[0.21288195 0.29724038 0.49254522 0.07010126]
i=84:62.31137378625111
[0.19288195 0.27724038 0.51254522 0.05010126]
i=85:64.8380206034965
[0.17288195 0.25724038 0.53254522 0.03010126]
i=86:68.46747266669571
[0.15288195 0.23724038 0.51254522 0.01010126]
i=87:68.48618714646555
[0.13288195 0.21724038 0.53254522 0.03010126]
i=88:71.59101974390938
[0.15288195 0.19724038 0.55254522 0.01010126]
i=89:68.12811162226575
[0.17288195 0.21724038 0.57254522 0.03010126]
i=90:65.75246896301611
[0.15288195 0.23724038 0.55254522 0.01010126]
i=91:72.04610999941377
[0.17288195 0.25724038 0.57254522 0.03010126]
i=92:58.1692947200223
[0.15288195 0.23724038 0.55254522 0.01010126]
i=93:66.68572075390682
[0.17288195 0.25724038 0.53254522 0.03010126]
i=94:68.4953260792903
[0.19288195 0.27724038 0.51254522 0.05010126]
i=95:64.35702449346964
[0.17288195 0.29724038 0.49254522 0.07010126]
i=96:65.88729131036716
[0.15288195 0.27724038 0.47254522 0.09010126]
i=97:64.94189363505468
[0.13288195 0.25724038 0.45254522 0.11010126]
i=98:62.67045276946155
[0.15288195 0.27724038 0.47254522 0.09010126]
i=99:61.255958046334854
[0.13288195 0.25724038 0.49254522 0.07010126]
[-0.36239536  0.94319712 -0.29304316 -0.24070079  0.31212925 -0.62647053
 -0.27603308  0.01920502 -0.52817443 -0.54496345  0.50944666  0.16301406
  0.29157429 -0.35838091  0.33123198  0.16280405  0.09684381  0.26078006
  0.0311775   0.26243563  0.4547879  -0.09397208  0.52368161 -0.04255509
 -0.2004041   0.18509589  0.11258081 -0.19916585  0.13094953  0.32902884
  0.32332039 -0.1225367   0.05426377  0.13775907 -0.02874942 -0.10732397
 -0.5089557  -0.16848525 -0.06257105  0.37101131 -0.41086804 -0.46291768
 -0.17793942  0.34534022 -0.64633    -0.11381542  0.16434896 -0.09196845
  0.23967365  0.24950016 -0.37185651 -0.23563107  0.36798255  0.03865122
  0.14348122 -0.0572251  -0.38133653 -0.00496041 -0.22565065 -0.39944457
  0.13109637 -0.26062965 -0.59200453  0.55968091  0.34959233 -0.21728686
 -0.4575405   0.54317665 -0.05045345 -0.08786932 -0.1151462   0.26375282
  0.50799798 -0.6074845   0.16662206  0.93694693 -0.11913034 -0.34730681
 -0.83086174 -0.12926101  0.061086   -0.1552528  -0.09545711 -0.27138255
 -0.040358   -0.59591474  0.68129598 -0.0865728   0.68998388 -0.24642171
  0.02304316 -0.27083889 -0.15259755 -0.19987815  0.14559891  0.16686695
  0.23894444  0.56956651 -0.10122871  0.0833776   0.16817909 -0.06891377
 -0.30113251 -0.13892474 -0.61353092 -0.92996571  0.1658449  -0.75013609
 -0.07364149 -0.2303319   0.06948916  0.26365892  1.12545574 -0.25009632
  0.44232038 -0.15198717  0.22471636 -0.15844056 -0.07334078 -0.43424289
 -0.02730786  0.09034273  0.14564681 -0.18365226  0.65798775  0.07099227
 -0.16778864  0.44081124]
[0.13288195 0.25724038 0.49254522 0.07010126]
[66.94454003 64.0740508  69.02127221 62.3062208  64.57450444 65.50288498
 64.81340829 62.31777232 63.24124023 62.81308396 60.9645517  62.53465867
 60.97226125 62.19135415 62.3768247  66.18883209 64.49454863 60.37733793
 63.1428307  61.55354794 62.21446627 61.8252961  62.12125418 59.72538601
 62.76281749 59.9537717  57.84745548 59.22604018 60.91570736 57.33898443
 58.82282698 59.9377252  60.17841894 58.32570728 59.52833217 58.19785973
 58.87531638 59.00215964 60.43489559 59.03676311 59.08463005 60.37017399
 61.70134723 61.04902694 61.21013976 61.70341016 60.42555717 60.8123908
 60.76744142 65.14523818 65.43319253 66.66871135 65.82609358 64.93791206
 64.34042588 67.73304167 61.41774925 62.41268407 61.9272051  61.12882938
 65.42976909 63.15467203 61.65984493 64.67832499 65.46784528 63.99780793
 63.91293641 61.88416935 63.90316313 63.01235231 64.565127   67.39898111
 67.25963565 67.27062316 67.1694596  64.25327322 62.65561208 65.51806571
 62.46799215 62.48137017 61.73056677 64.0168155  62.26787005 60.39252406
 62.31137379 64.8380206  68.46747267 68.48618715 71.59101974 68.12811162
 65.75246896 72.04611    58.16929472 66.68572075 68.49532608 64.35702449
 65.88729131 64.94189364 62.67045277 61.25595805]
